 Addison 12
 Alexis 15
 Ali 398
 Amari 344
 Angel 36
 Ariel 217
 Armani 583
 Avery 38
 Bailey 82
 Cameron 53
 Camryn 244
 Casey 336
 Charlie 307
 Dakota 226
 Dominique 763
 Dylan 31
 Eden 232
 Emerson 290
 Emery 468
 Finley 665
 Harley 415
 Harper 297
 Hayden 76
 Jaden 88
 Jadyn 396
 Jaiden 168
 Jaidyn 565
 Jamie 263
 Jayden 11
 Jaylen 184
 Jaylin 521
 Jessie 541
 Jordan 48
 Jordyn 142
 Justice 432
 Kamari 539
 Kasey 684
 Kayden 152
 Kendall 148
 Logan 19
 London 156
 Lyric 429
 Marley 146
 Micah 123
 Morgan 46
 Parker 103
 Payton 90
 Peyton 60
 Phoenix 401
 Quinn 280
 Reagan 141
 Reese 154
 Riley 39
 Rory 786
 Rowan 340
 Ryan 18
 Rylee 116
 Sage 460
 Sidney 523
 Skylar 191
 Skyler 265
 Taylor 22
 Teagan 321
 Zion 232
